Starting Dynare (version 6.3).
Calling Dynare with arguments: none
Starting preprocessing of the model file ...
WARNING: rbc.mod:62.1-19: The 'simul' statement is deprecated. Please use 'perfect_foresight_setup' and 'perfect_foresight_solver' instead.
Found 8 equation(s).
Evaluating expressions...
Computing static model derivatives (order 1).
Normalizing the static model...
Finding the optimal block decomposition of the static model...
2 block(s) found:
  1 recursive block(s) and 1 simultaneous block(s).
  the largest simultaneous block has 7 equation(s)
                                 and 7 feedback variable(s).
Computing dynamic model derivatives (order 1).
Normalizing the dynamic model...
Finding the optimal block decomposition of the dynamic model...
2 block(s) found:
  1 recursive block(s) and 1 simultaneous block(s).
  the largest simultaneous block has 7 equation(s)
                                 and 7 feedback variable(s).
Preprocessing completed.
Preprocessing time: 0h00m01s.

STEADY-STATE RESULTS:

y   		 0.870626
c   		 0.68646
k   		 7.36661
i   		 0.184165
l   		 0.304113
y_l 		 2.86284
w   		 1.72629
r   		 0.035101

EIGENVALUES:
         Modulus             Real        Imaginary
          0.9469           0.9469                0
           1.074            1.074                0
             Inf              Inf                0

There are 2 eigenvalue(s) larger than 1 in modulus for 2 forward-looking variable(s)
The rank condition is verified.


--------------------------------------------------------
MODEL SIMULATION:

Iter: 1,	 err. = 0.0603303,	 time = 0.116555
Iter: 2,	 err. = 0.012928,	 time = 0.004503
Iter: 3,	 err. = 3.13756e-05,	 time = 0.004391
Iter: 4,	 err. = 3.95948e-11,	 time = 0.004621

Total time of simulation: 0.149716.
--------------------------------------------------------


Perfect foresight solution found.


--------------------------------------------------------
MODEL SIMULATION:

Iter: 1,	 err. = 3.95948e-11,	 time = 0.012121

Total time of simulation: 0.0174.
--------------------------------------------------------


Perfect foresight solution found.

Total computing time : 0h00m15s
Note: 1 warning(s) encountered in the preprocessor
